Arguments: 
  /usr/bin/node /usr/share/yarn/bin/yarn.js add fuse-js-lastest

PATH: 
  /usr/local/sbin:/usr/local/bin:/usr/sbin:/usr/bin:/sbin:/bin:/usr/games:/usr/local/games:/snap/bin:/usr/local/go/bin:/home/thanos/Desktop/go/bin:/home/thanos/.yarn/bin:/usr/local/go/bin:/home/thanos/Desktop/go/bin:/home/thanos/.yarn/bin

Yarn version: 
  1.12.3

Node version: 
  8.14.0

Platform: 
  linux x64

Trace: 
  Error: https://registry.yarnpkg.com/fuse-js-lastest: Not found
      at Request.params.callback [as _callback] (/usr/share/yarn/lib/cli.js:65894:18)
      at Request.self.callback (/usr/share/yarn/lib/cli.js:129018:22)
      at emitTwo (events.js:126:13)
      at Request.emit (events.js:214:7)
      at Request.<anonymous> (/usr/share/yarn/lib/cli.js:129990:10)
      at emitOne (events.js:116:13)
      at Request.emit (events.js:211:7)
      at IncomingMessage.<anonymous> (/usr/share/yarn/lib/cli.js:129912:12)
      at Object.onceWrapper (events.js:313:30)
      at emitNone (events.js:111:20)

npm manifest: 
  {
    "name": "ec_server",
    "version": "1.0.0",
    "main": "index.js",
    "license": "MIT",
    "dependencies": {
      "cookie-parser": "^1.4.3",
      "express": "^4.16.4",
      "express-session": "^1.15.6",
      "graphql": "^14.0.2",
      "hbs": "^4.0.1",
      "helmet": "^3.15.0",
      "http-errors": "^1.7.1",
      "mongodb": "^3.1.10",
      "mongoose": "^5.3.14",
      "morgan": "^1.9.1",
      "passport": "^0.4.0",
      "passport-facebook": "^2.1.1",
      "passport-google-oauth2": "^0.1.6",
      "passport-local": "^1.0.0",
      "passport-twitter": "^1.0.4",
      "session-file-store": "^1.2.0"
    },
    "devDependencies": {
      "@types/cookie-parser": "^1.4.1",
      "@types/express": "^4.16.0",
      "@types/express-session": "^1.15.11",
      "@types/graphql": "^14.0.3",
      "@types/helmet": "^0.0.42",
      "@types/http-errors": "^1.6.1",
      "@types/mongodb": "^3.1.17",
      "@types/mongoose": "^5.3.2",
      "@types/morgan": "^1.7.35",
      "@types/passport": "^0.4.7",
      "@types/passport-facebook": "^2.1.8",
      "@types/passport-google-oauth2": "^0.1.2",
      "@types/passport-local": "^1.0.33",
      "@types/passport-twitter": "^1.0.34",
      "@types/session-file-store": "^1.2.0"
    }
  }

yarn manifest: 
  No manifest

Lockfile: 
  # THIS IS AN AUTOGENERATED FILE. DO NOT EDIT THIS FILE DIRECTLY.
  # yarn lockfile v1
  
  
  "@types/body-parser@*":
    version "1.17.0"
    resolved "https://registry.yarnpkg.com/@types/body-parser/-/body-parser-1.17.0.tgz#9f5c9d9bd04bb54be32d5eb9fc0d8c974e6cf58c"
    integrity sha512-a2+YeUjPkztKJu5aIF2yArYFQQp8d51wZ7DavSHjFuY1mqVgidGyzEQ41JIVNy82fXj8yPgy2vJmfIywgESW6w==
    dependencies:
      "@types/connect" "*"
      "@types/node" "*"
  
  "@types/bson@*":
    version "1.0.11"
    resolved "https://registry.yarnpkg.com/@types/bson/-/bson-1.0.11.tgz#c95ad69bb0b3f5c33b4bb6cc86d86cafb273335c"
    integrity sha512-j+UcCWI+FsbI5/FQP/Kj2CXyplWAz39ktHFkXk84h7dNblKRSoNJs95PZFRd96NQGqsPEPgeclqnznWZr14ZDA==
    dependencies:
      "@types/node" "*"
  
  "@types/connect@*":
    version "3.4.32"
    resolved "https://registry.yarnpkg.com/@types/connect/-/connect-3.4.32.tgz#aa0e9616b9435ccad02bc52b5b454ffc2c70ba28"
    integrity sha512-4r8qa0quOvh7lGD0pre62CAb1oni1OO6ecJLGCezTmhQ8Fz50Arx9RUszryR8KlgK6avuSXvviL6yWyViQABOg==
    dependencies:
      "@types/node" "*"
  
  "@types/cookie-parser@^1.4.1":
    version "1.4.1"
    resolved "https://registry.yarnpkg.com/@types/cookie-parser/-/cookie-parser-1.4.1.tgz#e88a39c41960f31549b4c52dd8620aa4a2feb4bb"
    integrity sha512-iJY6B3ZGufLiDf2OCAgiAAQuj1sMKC/wz/7XCEjZ+/MDuultfFJuSwrBKcLSmJ5iYApLzCCYBYJZs0Ws8GPmwA==
    dependencies:
      "@types/express" "*"
  
  "@types/events@*":
    version "1.2.0"
    resolved "https://registry.yarnpkg.com/@types/events/-/events-1.2.0.tgz#81a6731ce4df43619e5c8c945383b3e62a89ea86"
    integrity sha512-KEIlhXnIutzKwRbQkGWb/I4HFqBuUykAdHgDED6xqwXJfONCjF5VoE0cXEiurh3XauygxzeDzgtXUqvLkxFzzA==
  
  "@types/express-serve-static-core@*":
    version "4.16.0"
    resolved "https://registry.yarnpkg.com/@types/express-serve-static-core/-/express-serve-static-core-4.16.0.tgz#fdfe777594ddc1fe8eb8eccce52e261b496e43e7"
    integrity sha512-lTeoCu5NxJU4OD9moCgm0ESZzweAx0YqsAcab6OB0EB3+As1OaHtKnaGJvcngQxYsi9UNv0abn4/DRavrRxt4w==
    dependencies:
      "@types/events" "*"
      "@types/node" "*"
      "@types/range-parser" "*"
  
  "@types/express-session@*", "@types/express-session@^1.15.11":
    version "1.15.11"
    resolved "https://registry.yarnpkg.com/@types/express-session/-/express-session-1.15.11.tgz#49bca7a8fb5c00402907e8ec0d3546ee28de2c41"
    integrity sha512-BRgOXYBhmt71CuOR/PQvKBRgcS567xJmE7dT3r/FvTmWc1ZsR5joVH32dgH+z6F4FugniF04tMyXc4UF9M8Hfg==
    dependencies:
      "@types/events" "*"
      "@types/express" "*"
      "@types/node" "*"
  
  "@types/express@*", "@types/express@^4.16.0":
    version "4.16.0"
    resolved "https://registry.yarnpkg.com/@types/express/-/express-4.16.0.tgz#6d8bc42ccaa6f35cf29a2b7c3333cb47b5a32a19"
    integrity sha512-TtPEYumsmSTtTetAPXlJVf3kEqb6wZK0bZojpJQrnD/djV4q1oB6QQ8aKvKqwNPACoe02GNiy5zDzcYivR5Z2w==
    dependencies:
      "@types/body-parser" "*"
      "@types/express-serve-static-core" "*"
      "@types/serve-static" "*"
  
  "@types/graphql@^14.0.3":
    version "14.0.3"
    resolved "https://registry.yarnpkg.com/@types/graphql/-/graphql-14.0.3.tgz#389e2e5b83ecdb376d9f98fae2094297bc112c1c"
    integrity sha512-TcFkpEjcQK7w8OcrQcd7iIBPjU0rdyi3ldj6d0iJ4PPSzbWqPBvXj9KSwO14hTOX2dm9RoiH7VuxksJLNYdXUQ==
  
  "@types/helmet@^0.0.42":
    version "0.0.42"
    resolved "https://registry.yarnpkg.com/@types/helmet/-/helmet-0.0.42.tgz#845954fb171000c9b9caa367febf6769bd589eaa"
    integrity sha512-xQjlolRfr7LVa55sGnjtJGcV6/Hf7cfD1IuZo1Do+o3UobOoJJSLIbwkhd9tW18F1Kp4uB77T8TsJ2XKUDwp7g==
    dependencies:
      "@types/express" "*"
  
  "@types/http-errors@^1.6.1":
    version "1.6.1"
    resolved "https://registry.yarnpkg.com/@types/http-errors/-/http-errors-1.6.1.tgz#367744a6c04b833383f497f647cc3690b0cd4055"
    integrity sha512-s+RHKSGc3r0m3YEE2UXomJYrpQaY9cDmNDLU2XvG1/LAZsQ7y8emYkTLfcw/ByDtcsTyRQKwr76Bj4PkN2hfWg==
  
  "@types/mime@*":
    version "2.0.0"
    resolved "https://registry.yarnpkg.com/@types/mime/-/mime-2.0.0.tgz#5a7306e367c539b9f6543499de8dd519fac37a8b"
    integrity sha512-A2TAGbTFdBw9azHbpVd+/FkdW2T6msN1uct1O9bH3vTerEHKZhTXJUQXy+hNq1B0RagfU8U+KBdqiZpxjhOUQA==
  
  "@types/mongodb@*", "@types/mongodb@^3.1.17":
    version "3.1.17"
    resolved "https://registry.yarnpkg.com/@types/mongodb/-/mongodb-3.1.17.tgz#11351b147b68e7674cff9055ea82072521bc6fe3"
    integrity sha512-u6tSIpfdsgK74aE0TuyqZYhHscw+gHs6dQNSsFUTFXubhhxCqovmV3nJRS0YKSw0sfqbzUgGzbG5+yorUPRnFg==
    dependencies:
      "@types/bson" "*"
      "@types/node" "*"
  
  "@types/mongoose@^5.3.2":
    version "5.3.2"
    resolved "https://registry.yarnpkg.com/@types/mongoose/-/mongoose-5.3.2.tgz#ca22bed08681a5533254d830b33db6fd939c12be"
    integrity sha512-BodywHKMSpitNsfktZiWfdYT+irLYHeLuknYk59zGTNpm8uoNZ1pLCH+dWMC3k2SlgiP7qL8ij+OlCRXDWkSrQ==
    dependencies:
      "@types/mongodb" "*"
      "@types/node" "*"
  
  "@types/morgan@^1.7.35":
    version "1.7.35"
    resolved "https://registry.yarnpkg.com/@types/morgan/-/morgan-1.7.35.tgz#6358f502931cc2583d7a94248c41518baa688494"
    integrity sha512-E9qFi0seOkdlQnCTPv54brNfGWeFdRaEhI5tSue4pdx/V+xfxvMETsxXhOEcj1cYL+0n/jcTEmj/jD2gjzCwMg==
    dependencies:
      "@types/express" "*"
  
  "@types/node@*":
    version "10.12.12"
    resolved "https://registry.yarnpkg.com/@types/node/-/node-10.12.12.tgz#e15a9d034d9210f00320ef718a50c4a799417c47"
    integrity sha512-Pr+6JRiKkfsFvmU/LK68oBRCQeEg36TyAbPhc2xpez24OOZZCuoIhWGTd39VZy6nGafSbxzGouFPTFD/rR1A0A==
  
  "@types/passport-facebook@^2.1.8":
    version "2.1.8"
    resolved "https://registry.yarnpkg.com/@types/passport-facebook/-/passport-facebook-2.1.8.tgz#9d6ea5991e7267f0394cecb46212e189f624c81d"
    integrity sha512-5FGF6zNN0ZELetEdIDjVjfHSJfXSehNWeRLv9/8JD6Des4Z9A7sthhyXVRQUXeUxv0SmQ/i+IHZjR8R/G61wIg==
    dependencies:
      "@types/express" "*"
      "@types/passport" "*"
  
  "@types/passport-google-oauth2@^0.1.2":
    version "0.1.2"
    resolved "https://registry.yarnpkg.com/@types/passport-google-oauth2/-/passport-google-oauth2-0.1.2.tgz#41576ee586dae4bd241474b4102d6732f8838b7a"
    integrity sha512-RiANdjeBclApb//bLvRvoqM8Hb/VgJSro2LPIMyrqJGTCSuotmPTETUOq580Wxp6df2hUvCE+ZjkBv8q/+iZmA==
    dependencies:
      "@types/express" "*"
  
  "@types/passport-local@^1.0.33":
    version "1.0.33"
    resolved "https://registry.yarnpkg.com/@types/passport-local/-/passport-local-1.0.33.tgz#d245b60c5b801cb3aeca1ffab557d5fe1534260d"
    integrity sha512-+rn6ZIxje0jZ2+DAiWFI8vGG7ZFKB0hXx2cUdMmudSWsigSq6ES7Emso46r4HJk0qCgrZVfI8sJiM7HIYf4SbA==
    dependencies:
      "@types/express" "*"
      "@types/passport" "*"
      "@types/passport-strategy" "*"
  
  "@types/passport-strategy@*":
    version "0.2.35"
    resolved "https://registry.yarnpkg.com/@types/passport-strategy/-/passport-strategy-0.2.35.tgz#e52f5212279ea73f02d9b06af67efe9cefce2d0c"
    integrity sha512-o5D19Jy2XPFoX2rKApykY15et3Apgax00RRLf0RUotPDUsYrQa7x4howLYr9El2mlUApHmCMv5CZ1IXqKFQ2+g==
    dependencies:
      "@types/express" "*"
      "@types/passport" "*"
  
  "@types/passport-twitter@^1.0.34":
    version "1.0.34"
    resolved "https://registry.yarnpkg.com/@types/passport-twitter/-/passport-twitter-1.0.34.tgz#2e06ac0f57e01362e4bac3f806f4768376ad4607"
    integrity sha512-1Fx7tfVlxqznXt21wMcOPfx2DvhUpDb14VkFhvioGtT2c7sva7CwZ82UPpzKeac4WdlxPPRzvJ+EILDdcKhmgA==
    dependencies:
      "@types/express" "*"
      "@types/passport" "*"
  
  "@types/passport@*", "@types/passport@^0.4.7":
    version "0.4.7"
    resolved "https://registry.yarnpkg.com/@types/passport/-/passport-0.4.7.tgz#2b7f29bf61df91cf77023b3777e940b613d4b4d8"
    integrity sha512-EePlxNYx5tf3n0yjdPXX0/zDOv0UCwjMyQo4UkWGlhHteNDItAj7TfDdLttSThVMKQz3uCW7lsGzMuml0f8g9Q==
    dependencies:
      "@types/express" "*"
  
  "@types/range-parser@*":
    version "1.2.2"
    resolved "https://registry.yarnpkg.com/@types/range-parser/-/range-parser-1.2.2.tgz#fa8e1ad1d474688a757140c91de6dace6f4abc8d"
    integrity sha512-HtKGu+qG1NPvYe1z7ezLsyIaXYyi8SoAVqWDZgDQ8dLrsZvSzUNCwZyfX33uhWxL/SU0ZDQZ3nwZ0nimt507Kw==
  
  "@types/serve-static@*":
    version "1.13.2"
    resolved "https://registry.yarnpkg.com/@types/serve-static/-/serve-static-1.13.2.tgz#f5ac4d7a6420a99a6a45af4719f4dcd8cd907a48"
    integrity sha512-/BZ4QRLpH/bNYgZgwhKEh+5AsboDBcUdlBYgzoLX0fpj3Y2gp6EApyOlM3bK53wQS/OE1SrdSYBAbux2D1528Q==
    dependencies:
      "@types/express-serve-static-core" "*"
      "@types/mime" "*"
  
  "@types/session-file-store@^1.2.0":
    version "1.2.0"
    resolved "https://registry.yarnpkg.com/@types/session-file-store/-/session-file-store-1.2.0.tgz#9a92c3bc2e21e7b20c188f35d8d2d60b87e4c60d"
    integrity sha512-xKVpSJXg7Xu7gbZjflsVO+FUVUDTYrRN3yUR7R4q/4e0j+IAdE1BW+CBtadM2H733iXpRudGsA3i34imV2KhoA==
    dependencies:
      "@types/express" "*"
      "@types/express-session" "*"
  
  accepts@~1.3.5:
    version "1.3.5"
    resolved "https://registry.yarnpkg.com/accepts/-/accepts-1.3.5.tgz#eb777df6011723a3b14e8a72c0805c8e86746bd2"
    integrity sha1-63d99gEXI6OxTopywIBcjoZ0a9I=
    dependencies:
      mime-types "~2.1.18"
      negotiator "0.6.1"
  
  align-text@^0.1.1, align-text@^0.1.3:
    version "0.1.4"
    resolved "https://registry.yarnpkg.com/align-text/-/align-text-0.1.4.tgz#0cd90a561093f35d0a99256c22b7069433fad117"
    integrity sha1-DNkKVhCT810KmSVsIrcGlDP60Rc=
    dependencies:
      kind-of "^3.0.2"
      longest "^1.0.1"
      repeat-string "^1.5.2"
  
  amdefine@>=0.0.4:
    version "1.0.1"
    resolved "https://registry.yarnpkg.com/amdefine/-/amdefine-1.0.1.tgz#4a5282ac164729e93619bcfd3ad151f817ce91f5"
    integrity sha1-SlKCrBZHKek2Gbz9OtFR+BfOkfU=
  
  array-flatten@1.1.1:
    version "1.1.1"
    resolved "https://registry.yarnpkg.com/array-flatten/-/array-flatten-1.1.1.tgz#9a5f699051b1e7073328f2a008968b64ea2955d2"
    integrity sha1-ml9pkFGx5wczKPKgCJaLZOopVdI=
  
  async@2.6.1:
    version "2.6.1"
    resolved "https://registry.yarnpkg.com/async/-/async-2.6.1.tgz#b245a23ca71930044ec53fa46aa00a3e87c6a610"
    integrity sha512-fNEiL2+AZt6AlAw/29Cr0UDe4sRAHCpEHh54WMz+Bb7QfNcFw4h3loofyJpLeQs4Yx7yuqu/2dLgM5hKOs6HlQ==
    dependencies:
      lodash "^4.17.10"
  
  async@^1.4.0:
    version "1.5.2"
    resolved "https://registry.yarnpkg.com/async/-/async-1.5.2.tgz#ec6a61ae56480c0c3cb241c95618e20892f9672a"
    integrity sha1-7GphrlZIDAw8skHJVhjiCJL5Zyo=
  
  bagpipe@^0.3.5:
    version "0.3.5"
    resolved "https://registry.yarnpkg.com/bagpipe/-/bagpipe-0.3.5.tgz#e341d164fcb24cdf04ea7e05b765ec10c8aea6a1"
    integrity sha1-40HRZPyyTN8E6n4Ft2XsEMiupqE=
  
  basic-auth@~2.0.0:
    version "2.0.1"
    resolved "https://registry.yarnpkg.com/basic-auth/-/basic-auth-2.0.1.tgz#b998279bf47ce38344b4f3cf916d4679bbf51e3a"
    integrity sha512-NF+epuEdnUYVlGuhaxbbq+dvJttwLnGY+YixlXlME5KpQ5W3CnXA5cVTneY3SPbPDRkcjMbifrwmFYcClgOZeg==
    dependencies:
      safe-buffer "5.1.2"
  
  bluebird@3.5.1:
    version "3.5.1"
    resolved "https://registry.yarnpkg.com/bluebird/-/bluebird-3.5.1.tgz#d9551f9de98f1fcda1e683d17ee91a0602ee2eb9"
    integrity sha512-MKiLiV+I1AA596t9w1sQJ8jkiSr5+ZKi0WKrYGUn6d1Fx+Ij4tIj+m2WMQSGczs5jZVxV339chE8iwk6F64wjA==
  
  body-parser@1.18.3:
    version "1.18.3"
    resolved "https://registry.yarnpkg.com/body-parser/-/body-parser-1.18.3.tgz#5b292198ffdd553b3a0f20ded0592b956955c8b4"
    integrity sha1-WykhmP/dVTs6DyDe0FkrlWlVyLQ=
    dependencies:
      bytes "3.0.0"
      content-type "~1.0.4"
      debug "2.6.9"
      depd "~1.1.2"
      http-errors "~1.6.3"
      iconv-lite "0.4.23"
      on-finished "~2.3.0"
      qs "6.5.2"
      raw-body "2.3.3"
      type-is "~1.6.16"
  
  bson@^1.1.0, bson@~1.1.0:
    version "1.1.0"
    resolved "https://registry.yarnpkg.com/bson/-/bson-1.1.0.tgz#bee57d1fb6a87713471af4e32bcae36de814b5b0"
    integrity sha512-9Aeai9TacfNtWXOYarkFJRW2CWo+dRon+fuLZYJmvLV3+MiUp0bEI6IAZfXEIg7/Pl/7IWlLaDnhzTsD81etQA==
  
  bytes@3.0.0:
    version "3.0.0"
    resolved "https://registry.yarnpkg.com/bytes/-/bytes-3.0.0.tgz#d32815404d689699f85a4ea4fa8755dd13a96048"
    integrity sha1-0ygVQE1olpn4Wk6k+odV3ROpYEg=
  
  camelcase@^1.0.2:
    version "1.2.1"
    resolved "https://registry.yarnpkg.com/camelcase/-/camelcase-1.2.1.tgz#9bb5304d2e0b56698b2c758b08a3eaa9daa58a39"
    integrity sha1-m7UwTS4LVmmLLHWLCKPqqdqlijk=
  
  camelize@1.0.0:
    version "1.0.0"
    resolved "https://registry.yarnpkg.com/camelize/-/camelize-1.0.0.tgz#164a5483e630fa4321e5af07020e531831b2609b"
    integrity sha1-FkpUg+Yw+kMh5a8HAg5TGDGyYJs=
  
  center-align@^0.1.1:
    version "0.1.3"
    resolved "https://registry.yarnpkg.com/center-align/-/center-align-0.1.3.tgz#aa0d32629b6ee972200411cbd4461c907bc2b7ad"
    integrity sha1-qg0yYptu6XIgBBHL1EYckHvCt60=
    dependencies:
      align-text "^0.1.3"
      lazy-cache "^1.0.3"
  
  cliui@^2.1.0:
    version "2.1.0"
    resolved "https://registry.yarnpkg.com/cliui/-/cliui-2.1.0.tgz#4b475760ff80264c762c3a1719032e91c7fea0d1"
    integrity sha1-S0dXYP+AJkx2LDoXGQMukcf+oNE=
    dependencies:
      center-align "^0.1.1"
      right-align "^0.1.1"
      wordwrap "0.0.2"
  
  content-disposition@0.5.2:
    version "0.5.2"
    resolved "https://registry.yarnpkg.com/content-disposition/-/content-disposition-0.5.2.tgz#0cf68bb9ddf5f2be7961c3a85178cb85dba78cb4"
    integrity sha1-DPaLud318r55YcOoUXjLhdunjLQ=
  
  content-security-policy-builder@2.0.0:
    version "2.0.0"
    resolved "https://registry.yarnpkg.com/content-security-policy-builder/-/content-security-policy-builder-2.0.0.tgz#8749a1d542fcbe82237281ea9f716ce68b394dd2"
    integrity sha512-j+Nhmj1yfZAikJLImCvPJFE29x/UuBi+/MWqggGGc515JKaZrjuei2RhULJmy0MsstW3E3htl002bwmBNMKr7w==
  
  content-type@~1.0.4:
    version "1.0.4"
    resolved "https://registry.yarnpkg.com/content-type/-/content-type-1.0.4.tgz#e138cc75e040c727b1966fe5e5f8c9aee256fe3b"
    integrity sha512-hIP3EEPs8tB9AT1L+NUqtwOAps4mk2Zob89MWXMHjHWg9milF/j4osnnQLXBCBFBk/tvIG/tUc9mOUJiPBhPXA==
  
  cookie-parser@^1.4.3:
    version "1.4.3"
    resolved "https://registry.yarnpkg.com/cookie-parser/-/cookie-parser-1.4.3.tgz#0fe31fa19d000b95f4aadf1f53fdc2b8a203baa5"
    integrity sha1-D+MfoZ0AC5X0qt8fU/3CuKIDuqU=
    dependencies:
      cookie "0.3.1"
      cookie-signature "1.0.6"
  
  cookie-signature@1.0.6:
    version "1.0.6"
    resolved "https://registry.yarnpkg.com/cookie-signature/-/cookie-signature-1.0.6.tgz#e303a882b342cc3ee8ca513a79999734dab3ae2c"
    integrity sha1-4wOogrNCzD7oylE6eZmXNNqzriw=
  
  cookie@0.3.1:
    version "0.3.1"
    resolved "https://registry.yarnpkg.com/cookie/-/cookie-0.3.1.tgz#e7e0a1f9ef43b4c8ba925c5c5a96e806d16873bb"
    integrity sha1-5+Ch+e9DtMi6klxcWpboBtFoc7s=
  
  crc@3.4.4:
    version "3.4.4"
    resolved "https://registry.yarnpkg.com/crc/-/crc-3.4.4.tgz#9da1e980e3bd44fc5c93bf5ab3da3378d85e466b"
    integrity sha1-naHpgOO9RPxck79as9ozeNheRms=
  
  dasherize@2.0.0:
    version "2.0.0"
    resolved "https://registry.yarnpkg.com/dasherize/-/dasherize-2.0.0.tgz#6d809c9cd0cf7bb8952d80fc84fa13d47ddb1308"
    integrity sha1-bYCcnNDPe7iVLYD8hPoT1H3bEwg=
  
  debug@2.6.9:
    version "2.6.9"
    resolved "https://registry.yarnpkg.com/debug/-/debug-2.6.9.tgz#5d128515df134ff327e90a4c93f4e077a536341f"
    integrity sha512-bC7ElrdJaJnPbAP+1EotYvqZsb3ecl5wi6Bfi6BJTUcNowp6cvspg0jXznRTKDjm/E7AdgFBVeAPVMNcKGsHMA==
    dependencies:
      ms "2.0.0"
  
  debug@3.1.0:
    version "3.1.0"
    resolved "https://registry.yarnpkg.com/debug/-/debug-3.1.0.tgz#5bb5a0672628b64149566ba16819e61518c67261"
    integrity sha512-OX8XqP7/1a9cqkxYw2yXss15f26NKWBpDXQd0/uK/KPqdQhxbPa994hnzjcE2VqQpDslf55723cKPUOGSmMY3g==
    dependencies:
      ms "2.0.0"
  
  decamelize@^1.0.0:
    version "1.2.0"
    resolved "https://registry.yarnpkg.com/decamelize/-/decamelize-1.2.0.tgz#f6534d15148269b20352e7bee26f501f9a191290"
    integrity sha1-9lNNFRSCabIDUue+4m9QH5oZEpA=
  
  depd@~1.1.1, depd@~1.1.2:
    version "1.1.2"
    resolved "https://registry.yarnpkg.com/depd/-/depd-1.1.2.tgz#9bcd52e14c097763e749b274c4346ed2e560b5a9"
    integrity sha1-m81S4UwJd2PnSbJ0xDRu0uVgtak=
  
  destroy@~1.0.4:
    version "1.0.4"
    resolved "https://registry.yarnpkg.com/destroy/-/destroy-1.0.4.tgz#978857442c44749e4206613e37946205826abd80"
    integrity sha1-l4hXRCxEdJ5CBmE+N5RiBYJqvYA=
  
  dns-prefetch-control@0.1.0:
    version "0.1.0"
    resolved "https://registry.yarnpkg.com/dns-prefetch-control/-/dns-prefetch-control-0.1.0.tgz#60ddb457774e178f1f9415f0cabb0e85b0b300b2"
    integrity sha1-YN20V3dOF48flBXwyrsOhbCzALI=
  
  dont-sniff-mimetype@1.0.0:
    version "1.0.0"
    resolved "https://registry.yarnpkg.com/dont-sniff-mimetype/-/dont-sniff-mimetype-1.0.0.tgz#5932890dc9f4e2f19e5eb02a20026e5e5efc8f58"
    integrity sha1-WTKJDcn04vGeXrAqIAJuXl78j1g=
  
  ee-first@1.1.1:
    version "1.1.1"
    resolved "https://registry.yarnpkg.com/ee-first/-/ee-first-1.1.1.tgz#590c61156b0ae2f4f0255732a158b266bc56b21d"
    integrity sha1-WQxhFWsK4vTwJVcyoViyZrxWsh0=
  
  encodeurl@~1.0.2:
    version "1.0.2"
    resolved "https://registry.yarnpkg.com/encodeurl/-/encodeurl-1.0.2.tgz#ad3ff4c86ec2d029322f5a02c3a9a606c95b3f59"
    integrity sha1-rT/0yG7C0CkyL1oCw6mmBslbP1k=
  
  escape-html@~1.0.3:
    version "1.0.3"
    resolved "https://registry.yarnpkg.com/escape-html/-/escape-html-1.0.3.tgz#0258eae4d3d0c0974de1c169188ef0051d1d1988"
    integrity sha1-Aljq5NPQwJdN4cFpGI7wBR0dGYg=
  
  etag@~1.8.1:
    version "1.8.1"
    resolved "https://registry.yarnpkg.com/etag/-/etag-1.8.1.tgz#41ae2eeb65efa62268aebfea83ac7d79299b0887"
    integrity sha1-Qa4u62XvpiJorr/qg6x9eSmbCIc=
  
  expect-ct@0.1.1:
    version "0.1.1"
    resolved "https://registry.yarnpkg.com/expect-ct/-/expect-ct-0.1.1.tgz#de84476a2dbcb85000d5903737e9bc8a5ba7b897"
    integrity sha512-ngXzTfoRGG7fYens3/RMb6yYoVLvLMfmsSllP/mZPxNHgFq41TmPSLF/nLY7fwoclI2vElvAmILFWGUYqdjfCg==
  
  express-session@^1.15.6:
    version "1.15.6"
    resolved "https://registry.yarnpkg.com/express-session/-/express-session-1.15.6.tgz#47b4160c88f42ab70fe8a508e31cbff76757ab0a"
    integrity sha512-r0nrHTCYtAMrFwZ0kBzZEXa1vtPVrw0dKvGSrKP4dahwBQ1BJpF2/y1Pp4sCD/0kvxV4zZeclyvfmw0B4RMJQA==
    dependencies:
      cookie "0.3.1"
      cookie-signature "1.0.6"
      crc "3.4.4"
      debug "2.6.9"
      depd "~1.1.1"
      on-headers "~1.0.1"
      parseurl "~1.3.2"
      uid-safe "~2.1.5"
      utils-merge "1.0.1"
  
  express@^4.16.4:
    version "4.16.4"
    resolved "https://registry.yarnpkg.com/express/-/express-4.16.4.tgz#fddef61926109e24c515ea97fd2f1bdbf62df12e"
    integrity sha512-j12Uuyb4FMrd/qQAm6uCHAkPtO8FDTRJZBDd5D2KOL2eLaz1yUNdUB/NOIyq0iU4q4cFarsUCrnFDPBcnksuOg==
    dependencies:
      accepts "~1.3.5"
      array-flatten "1.1.1"
      body-parser "1.18.3"
      content-disposition "0.5.2"
      content-type "~1.0.4"
      cookie "0.3.1"
      cookie-signature "1.0.6"
      debug "2.6.9"
      depd "~1.1.2"
      encodeurl "~1.0.2"
      escape-html "~1.0.3"
      etag "~1.8.1"
      finalhandler "1.1.1"
      fresh "0.5.2"
      merge-descriptors "1.0.1"
      methods "~1.1.2"
      on-finished "~2.3.0"
      parseurl "~1.3.2"
      path-to-regexp "0.1.7"
      proxy-addr "~2.0.4"
      qs "6.5.2"
      range-parser "~1.2.0"
      safe-buffer "5.1.2"
      send "0.16.2"
      serve-static "1.13.2"
      setprototypeof "1.1.0"
      statuses "~1.4.0"
      type-is "~1.6.16"
      utils-merge "1.0.1"
      vary "~1.1.2"
  
  feature-policy@0.2.0:
    version "0.2.0"
    resolved "https://registry.yarnpkg.com/feature-policy/-/feature-policy-0.2.0.tgz#22096de49ab240176878ffe2bde2f6ff04d48c43"
    integrity sha512-2hGrlv6efG4hscYVZeaYjpzpT6I2OZgYqE2yDUzeAcKj2D1SH0AsEzqJNXzdoglEddcIXQQYop3lD97XpG75Jw==
  
  finalhandler@1.1.1:
    version "1.1.1"
    resolved "https://registry.yarnpkg.com/finalhandler/-/finalhandler-1.1.1.tgz#eebf4ed840079c83f4249038c9d703008301b105"
    integrity sha512-Y1GUDo39ez4aHAw7MysnUD5JzYX+WaIj8I57kO3aEPT1fFRL4sr7mjei97FgnwhAyyzRYmQZaTHb2+9uZ1dPtg==
    dependencies:
      debug "2.6.9"
      encodeurl "~1.0.2"
      escape-html "~1.0.3"
      on-finished "~2.3.0"
      parseurl "~1.3.2"
      statuses "~1.4.0"
      unpipe "~1.0.0"
  
  foreachasync@^3.0.0:
    version "3.0.0"
    resolved "https://registry.yarnpkg.com/foreachasync/-/foreachasync-3.0.0.tgz#5502987dc8714be3392097f32e0071c9dee07cf6"
    integrity sha1-VQKYfchxS+M5IJfzLgBxyd7gfPY=
  
  forwarded@~0.1.2:
    version "0.1.2"
    resolved "https://registry.yarnpkg.com/forwarded/-/forwarded-0.1.2.tgz#98c23dab1175657b8c0573e8ceccd91b0ff18c84"
    integrity sha1-mMI9qxF1ZXuMBXPozszZGw/xjIQ=
  
  frameguard@3.0.0:
    version "3.0.0"
    resolved "https://registry.yarnpkg.com/frameguard/-/frameguard-3.0.0.tgz#7bcad469ee7b96e91d12ceb3959c78235a9272e9"
    integrity sha1-e8rUae57lukdEs6zlZx4I1qScuk=
  
  fresh@0.5.2:
    version "0.5.2"
    resolved "https://registry.yarnpkg.com/fresh/-/fresh-0.5.2.tgz#3d8cadd90d976569fa835ab1f8e4b23a105605a7"
    integrity sha1-PYyt2Q2XZWn6g1qx+OSyOhBWBac=
  
  fs-extra@^4.0.0:
    version "4.0.3"
    resolved "https://registry.yarnpkg.com/fs-extra/-/fs-extra-4.0.3.tgz#0d852122e5bc5beb453fb028e9c0c9bf36340c94"
    integrity sha512-q6rbdDd1o2mAnQreO7YADIxf/Whx4AHBiRf6d+/cVT8h44ss+lHgxf1FemcqDnQt9X3ct4McHr+JMGlYSsK7Cg==
    dependencies:
      graceful-fs "^4.1.2"
      jsonfile "^4.0.0"
      universalify "^0.1.0"
  
  graceful-fs@^4.1.11, graceful-fs@^4.1.2, graceful-fs@^4.1.6:
    version "4.1.15"
    resolved "https://registry.yarnpkg.com/graceful-fs/-/graceful-fs-4.1.15.tgz#ffb703e1066e8a0eeaa4c8b80ba9253eeefbfb00"
    integrity sha512-6uHUhOPEBgQ24HM+r6b/QwWfZq+yiFcipKFrOFiBEnWdy5sdzYoi+pJeQaPI5qOLRFqWmAXUPQNsielzdLoecA==
  
  graphql@^14.0.2:
    version "14.0.2"
    resolved "https://registry.yarnpkg.com/graphql/-/graphql-14.0.2.tgz#7dded337a4c3fd2d075692323384034b357f5650"
    integrity sha512-gUC4YYsaiSJT1h40krG3J+USGlwhzNTXSb4IOZljn9ag5Tj+RkoXrWp+Kh7WyE3t1NCfab5kzCuxBIvOMERMXw==
    dependencies:
      iterall "^1.2.2"
  
  handlebars@4.0.5:
    version "4.0.5"
    resolved "https://registry.yarnpkg.com/handlebars/-/handlebars-4.0.5.tgz#92c6ed6bb164110c50d4d8d0fbddc70806c6f8e7"
    integrity sha1-ksbta7FkEQxQ1NjQ+93HCAbG+Oc=
    dependencies:
      async "^1.4.0"
      optimist "^0.6.1"
      source-map "^0.4.4"
    optionalDependencies:
      uglify-js "^2.6"
  
  hbs@^4.0.1:
    version "4.0.1"
    resolved "https://registry.yarnpkg.com/hbs/-/hbs-4.0.1.tgz#4bfd98650dc8c9dac44b3ca9adf9c098e8bc33b6"
    integrity sha1-S/2YZQ3IydrESzyprfnAmOi8M7Y=
    dependencies:
      handlebars "4.0.5"
      walk "2.3.9"
  
  helmet-crossdomain@0.3.0:
    version "0.3.0"
    resolved "https://registry.yarnpkg.com/helmet-crossdomain/-/helmet-crossdomain-0.3.0.tgz#707e2df930f13ad61f76ed08e1bb51ab2b2e85fa"
    integrity sha512-YiXhj0E35nC4Na5EPE4mTfoXMf9JTGpN4OtB4aLqShKuH9d2HNaJX5MQoglO6STVka0uMsHyG5lCut5Kzsy7Lg==
  
  helmet-csp@2.7.1:
    version "2.7.1"
    resolved "https://registry.yarnpkg.com/helmet-csp/-/helmet-csp-2.7.1.tgz#e8e0b5186ffd4db625cfcce523758adbfadb9dca"
    integrity sha512-sCHwywg4daQ2mY0YYwXSZRsgcCeerUwxMwNixGA7aMLkVmPTYBl7gJoZDHOZyXkqPrtuDT3s2B1A+RLI7WxSdQ==
    dependencies:
      camelize "1.0.0"
      content-security-policy-builder "2.0.0"
      dasherize "2.0.0"
      platform "1.3.5"
  
  helmet@^3.15.0:
    version "3.15.0"
    resolved "https://registry.yarnpkg.com/helmet/-/helmet-3.15.0.tgz#fe0bb80e05d9eec589e3cbecaf5384409a3a64c9"
    integrity sha512-j9JjtAnWJj09lqe/PEICrhuDaX30TeokXJ9tW6ZPhVH0+LMoihDeJ58CdWeTGzM66p6EiIODmgAaWfdeIWI4Gg==
    dependencies:
      dns-prefetch-control "0.1.0"
      dont-sniff-mimetype "1.0.0"
      expect-ct "0.1.1"
      feature-policy "0.2.0"
      frameguard "3.0.0"
      helmet-crossdomain "0.3.0"
      helmet-csp "2.7.1"
      hide-powered-by "1.0.0"
      hpkp "2.0.0"
      hsts "2.1.0"
      ienoopen "1.0.0"
      nocache "2.0.0"
      referrer-policy "1.1.0"
      x-xss-protection "1.1.0"
  
  hide-powered-by@1.0.0:
    version "1.0.0"
    resolved "https://registry.yarnpkg.com/hide-powered-by/-/hide-powered-by-1.0.0.tgz#4a85ad65881f62857fc70af7174a1184dccce32b"
    integrity sha1-SoWtZYgfYoV/xwr3F0oRhNzM4ys=
  
  hpkp@2.0.0:
    version "2.0.0"
    resolved "https://registry.yarnpkg.com/hpkp/-/hpkp-2.0.0.tgz#10e142264e76215a5d30c44ec43de64dee6d1672"
    integrity sha1-EOFCJk52IVpdMMROxD3mTe5tFnI=
  
  hsts@2.1.0:
    version "2.1.0"
    resolved "https://registry.yarnpkg.com/hsts/-/hsts-2.1.0.tgz#cbd6c918a2385fee1dd5680bfb2b3a194c0121cc"
    integrity sha512-zXhh/DqgrTXJ7erTN6Fh5k/xjMhDGXCqdYN3wvxUvGUQvnxcFfUd8E+6vLg/nk3ss1TYMb+DhRl25fYABioTvA==
  
  http-errors@1.6.3, http-errors@~1.6.2, http-errors@~1.6.3:
    version "1.6.3"
    resolved "https://registry.yarnpkg.com/http-errors/-/http-errors-1.6.3.tgz#8b55680bb4be283a0b5bf4ea2e38580be1d9320d"
    integrity sha1-i1VoC7S+KDoLW/TqLjhYC+HZMg0=
    dependencies:
      depd "~1.1.2"
      inherits "2.0.3"
      setprototypeof "1.1.0"
      statuses ">= 1.4.0 < 2"
  
  http-errors@^1.7.1:
    version "1.7.1"
    resolved "https://registry.yarnpkg.com/http-errors/-/http-errors-1.7.1.tgz#6a4ffe5d35188e1c39f872534690585852e1f027"
    integrity sha512-jWEUgtZWGSMba9I1N3gc1HmvpBUaNC9vDdA46yScAdp+C5rdEuKWUBLWTQpW9FwSWSbYYs++b6SDCxf9UEJzfw==
    dependencies:
      depd "~1.1.2"
      inherits "2.0.3"
      setprototypeof "1.1.0"
      statuses ">= 1.5.0 < 2"
      toidentifier "1.0.0"
  
  iconv-lite@0.4.23:
    version "0.4.23"
    resolved "https://registry.yarnpkg.com/iconv-lite/-/iconv-lite-0.4.23.tgz#297871f63be507adcfbfca715d0cd0eed84e9a63"
    integrity sha512-neyTUVFtahjf0mB3dZT77u+8O0QB89jFdnBkd5P1JgYPbPaia3gXXOVL2fq8VyU2gMMD7SaN7QukTB/pmXYvDA==
    dependencies:
      safer-buffer ">= 2.1.2 < 3"
  
  ienoopen@1.0.0:
    version "1.0.0"
    resolved "https://registry.yarnpkg.com/ienoopen/-/ienoopen-1.0.0.tgz#346a428f474aac8f50cf3784ea2d0f16f62bda6b"
    integrity sha1-NGpCj0dKrI9QzzeE6i0PFvYr2ms=
  
  imurmurhash@^0.1.4:
    version "0.1.4"
    resolved "https://registry.yarnpkg.com/imurmurhash/-/imurmurhash-0.1.4.tgz#9218b9b2b928a238b13dc4fb6b6d576f231453ea"
    integrity sha1-khi5srkoojixPcT7a21XbyMUU+o=
  
  inherits@2.0.3:
    version "2.0.3"
    resolved "https://registry.yarnpkg.com/inherits/-/inherits-2.0.3.tgz#633c2c83e3da42a502f52466022480f4208261de"
    integrity sha1-Yzwsg+PaQqUC9SRmAiSA9CCCYd4=
  
  ipaddr.js@1.8.0:
    version "1.8.0"
    resolved "https://registry.yarnpkg.com/ipaddr.js/-/ipaddr.js-1.8.0.tgz#eaa33d6ddd7ace8f7f6fe0c9ca0440e706738b1e"
    integrity sha1-6qM9bd16zo9/b+DJygRA5wZzix4=
  
  is-buffer@^1.1.5:
    version "1.1.6"
    resolved "https://registry.yarnpkg.com/is-buffer/-/is-buffer-1.1.6.tgz#efaa2ea9daa0d7ab2ea13a97b2b8ad51fefbe8be"
    integrity sha512-NcdALwpXkTm5Zvvbk7owOUSvVvBKDgKP5/ewfXEznmQFfs4ZRmanOeKBTjRVjka3QFoN6XJ+9F3USqfHqTaU5w==
  
  iterall@^1.2.2:
    version "1.2.2"
    resolved "https://registry.yarnpkg.com/iterall/-/iterall-1.2.2.tgz#92d70deb8028e0c39ff3164fdbf4d8b088130cd7"
    integrity sha512-yynBb1g+RFUPY64fTrFv7nsjRrENBQJaX2UL+2Szc9REFrSNm1rpSXHGzhmAy7a9uv3vlvgBlXnf9RqmPH1/DA==
  
  jsonfile@^4.0.0:
    version "4.0.0"
    resolved "https://registry.yarnpkg.com/jsonfile/-/jsonfile-4.0.0.tgz#8771aae0799b64076b76640fca058f9c10e33ecb"
    integrity sha1-h3Gq4HmbZAdrdmQPygWPnBDjPss=
    optionalDependencies:
      graceful-fs "^4.1.6"
  
  kareem@2.3.0:
    version "2.3.0"
    resolved "https://registry.yarnpkg.com/kareem/-/kareem-2.3.0.tgz#ef33c42e9024dce511eeaf440cd684f3af1fc769"
    integrity sha512-6hHxsp9e6zQU8nXsP+02HGWXwTkOEw6IROhF2ZA28cYbUk4eJ6QbtZvdqZOdD9YPKghG3apk5eOCvs+tLl3lRg==
  
  kind-of@^3.0.2:
    version "3.2.2"
    resolved "https://registry.yarnpkg.com/kind-of/-/kind-of-3.2.2.tgz#31ea21a734bab9bbb0f32466d893aea51e4a3c64"
    integrity sha1-MeohpzS6ubuw8yRm2JOupR5KPGQ=
    dependencies:
      is-buffer "^1.1.5"
  
  lazy-cache@^1.0.3:
    version "1.0.4"
    resolved "https://registry.yarnpkg.com/lazy-cache/-/lazy-cache-1.0.4.tgz#a1d78fc3a50474cb80845d3b3b6e1da49a446e8e"
    integrity sha1-odePw6UEdMuAhF07O24dpJpEbo4=
  
  lodash.get@4.4.2:
    version "4.4.2"
    resolved "https://registry.yarnpkg.com/lodash.get/-/lodash.get-4.4.2.tgz#2d177f652fa31e939b4438d5341499dfa3825e99"
    integrity sha1-LRd/ZS+jHpObRDjVNBSZ36OCXpk=
  
  lodash@^4.17.10:
    version "4.17.11"
    resolved "https://registry.yarnpkg.com/lodash/-/lodash-4.17.11.tgz#b39ea6229ef607ecd89e2c8df12536891cac9b8d"
    integrity sha512-cQKh8igo5QUhZ7lg38DYWAxMvjSAKG0A8wGSVimP07SIUEK2UO+arSRKbRZWtelMtN5V0Hkwh5ryOto/SshYIg==
  
  longest@^1.0.1:
    version "1.0.1"
    resolved "https://registry.yarnpkg.com/longest/-/longest-1.0.1.tgz#30a0b2da38f73770e8294a0d22e6625ed77d0097"
    integrity sha1-MKCy2jj3N3DoKUoNIuZiXtd9AJc=
  
  media-typer@0.3.0:
    version "0.3.0"
    resolved "https://registry.yarnpkg.com/media-typer/-/media-typer-0.3.0.tgz#8710d7af0aa626f8fffa1ce00168545263255748"
    integrity sha1-hxDXrwqmJvj/+hzgAWhUUmMlV0g=
  
  memory-pager@^1.0.2:
    version "1.1.0"
    resolved "https://registry.yarnpkg.com/memory-pager/-/memory-pager-1.1.0.tgz#9308915e0e972849fefbae6f8bc95d6b350e7344"
    integrity sha512-Mf9OHV/Y7h6YWDxTzX/b4ZZ4oh9NSXblQL8dtPCOomOtZciEHxePR78+uHFLLlsk01A6jVHhHsQZZ/WcIPpnzg==
  
  merge-descriptors@1.0.1:
    version "1.0.1"
    resolved "https://registry.yarnpkg.com/merge-descriptors/-/merge-descriptors-1.0.1.tgz#b00aaa556dd8b44568150ec9d1b953f3f90cbb61"
    integrity sha1-sAqqVW3YtEVoFQ7J0blT8/kMu2E=
  
  methods@~1.1.2:
    version "1.1.2"
    resolved "https://registry.yarnpkg.com/methods/-/methods-1.1.2.tgz#5529a4d67654134edcc5266656835b0f851afcee"
    integrity sha1-VSmk1nZUE07cxSZmVoNbD4Ua/O4=
  
  mime-db@~1.37.0:
    version "1.37.0"
    resolved "https://registry.yarnpkg.com/mime-db/-/mime-db-1.37.0.tgz#0b6a0ce6fdbe9576e25f1f2d2fde8830dc0ad0d8"
    integrity sha512-R3C4db6bgQhlIhPU48fUtdVmKnflq+hRdad7IyKhtFj06VPNVdk2RhiYL3UjQIlso8L+YxAtFkobT0VK+S/ybg==
  
  mime-types@~2.1.18:
    version "2.1.21"
    resolved "https://registry.yarnpkg.com/mime-types/-/mime-types-2.1.21.tgz#28995aa1ecb770742fe6ae7e58f9181c744b3f96"
    integrity sha512-3iL6DbwpyLzjR3xHSFNFeb9Nz/M8WDkX33t1GFQnFOllWk8pOrh/LSrB5OXlnlW5P9LH73X6loW/eogc+F5lJg==
    dependencies:
      mime-db "~1.37.0"
  
  mime@1.4.1:
    version "1.4.1"
    resolved "https://registry.yarnpkg.com/mime/-/mime-1.4.1.tgz#121f9ebc49e3766f311a76e1fa1c8003c4b03aa6"
    integrity sha512-KI1+qOZu5DcW6wayYHSzR/tXKCDC5Om4s1z2QJjDULzLcmf3DvzS7oluY4HCTrc+9FiKmWUgeNLg7W3uIQvxtQ==
  
  minimist@~0.0.1:
    version "0.0.10"
    resolved "https://registry.yarnpkg.com/minimist/-/minimist-0.0.10.tgz#de3f98543dbf96082be48ad1a0c7cda836301dcf"
    integrity sha1-3j+YVD2/lggr5IrRoMfNqDYwHc8=
  
  mongodb-core@3.1.9:
    version "3.1.9"
    resolved "https://registry.yarnpkg.com/mongodb-core/-/mongodb-core-3.1.9.tgz#c31ee407bf932b0149eaed775c17ee09974e4ca3"
    integrity sha512-MJpciDABXMchrZphh3vMcqu8hkNf/Mi+Gk6btOimVg1XMxLXh87j6FAvRm+KmwD1A9fpu3qRQYcbQe4egj23og==
    dependencies:
      bson "^1.1.0"
      require_optional "^1.0.1"
      safe-buffer "^5.1.2"
    optionalDependencies:
      saslprep "^1.0.0"
  
  mongodb@3.1.10, mongodb@^3.1.10:
    version "3.1.10"
    resolved "https://registry.yarnpkg.com/mongodb/-/mongodb-3.1.10.tgz#45ad9b74ea376f4122d0881b75e5489b9e504ed7"
    integrity sha512-Uml42GeFxhTGQVml1XQ4cD0o/rp7J2ROy0fdYUcVitoE7vFqEhKH4TYVqRDpQr/bXtCJVxJdNQC1ntRxNREkPQ==
    dependencies:
      mongodb-core "3.1.9"
      safe-buffer "^5.1.2"
  
  mongoose-legacy-pluralize@1.0.2:
    version "1.0.2"
    resolved "https://registry.yarnpkg.com/mongoose-legacy-pluralize/-/mongoose-legacy-pluralize-1.0.2.tgz#3ba9f91fa507b5186d399fb40854bff18fb563e4"
    integrity sha512-Yo/7qQU4/EyIS8YDFSeenIvXxZN+ld7YdV9LqFVQJzTLye8unujAWPZ4NWKfFA+RNjh+wvTWKY9Z3E5XM6ZZiQ==
  
  mongoose@^5.3.14:
    version "5.3.14"
    resolved "https://registry.yarnpkg.com/mongoose/-/mongoose-5.3.14.tgz#14fb782423561187e8e4264deb9e213156ca3ea6"
    integrity sha512-Vt7uC0+/SuPb+x6IwbtXl4tkUER1xU9INlfrDK1RdfsvvEMfG3FJUGNPVGeTWQaj8xqMBtZKIdUNt58rIAsCYg==
    dependencies:
      async "2.6.1"
      bson "~1.1.0"
      kareem "2.3.0"
      lodash.get "4.4.2"
      mongodb "3.1.10"
      mongodb-core "3.1.9"
      mongoose-legacy-pluralize "1.0.2"
      mpath "0.5.1"
      mquery "3.2.0"
      ms "2.0.0"
      regexp-clone "0.0.1"
      safe-buffer "5.1.2"
      sliced "1.0.1"
  
  morgan@^1.9.1:
    version "1.9.1"
    resolved "https://registry.yarnpkg.com/morgan/-/morgan-1.9.1.tgz#0a8d16734a1d9afbc824b99df87e738e58e2da59"
    integrity sha512-HQStPIV4y3afTiCYVxirakhlCfGkI161c76kKFca7Fk1JusM//Qeo1ej2XaMniiNeaZklMVrh3vTtIzpzwbpmA==
    dependencies:
      basic-auth "~2.0.0"
      debug "2.6.9"
      depd "~1.1.2"
      on-finished "~2.3.0"
      on-headers "~1.0.1"
  
  mpath@0.5.1:
    version "0.5.1"
    resolved "https://registry.yarnpkg.com/mpath/-/mpath-0.5.1.tgz#17131501f1ff9e6e4fbc8ffa875aa7065b5775ab"
    integrity sha512-H8OVQ+QEz82sch4wbODFOz+3YQ61FYz/z3eJ5pIdbMEaUzDqA268Wd+Vt4Paw9TJfvDgVKaayC0gBzMIw2jhsg==
  
  mquery@3.2.0:
    version "3.2.0"
    resolved "https://registry.yarnpkg.com/mquery/-/mquery-3.2.0.tgz#e276472abd5109686a15eb2a8e0761db813c81cc"
    integrity sha512-qPJcdK/yqcbQiKoemAt62Y0BAc0fTEKo1IThodBD+O5meQRJT/2HSe5QpBNwaa4CjskoGrYWsEyjkqgiE0qjhg==
    dependencies:
      bluebird "3.5.1"
      debug "3.1.0"
      regexp-clone "0.0.1"
      safe-buffer "5.1.2"
      sliced "1.0.1"
  
  ms@2.0.0:
    version "2.0.0"
    resolved "https://registry.yarnpkg.com/ms/-/ms-2.0.0.tgz#5608aeadfc00be6c2901df5f9861788de0d597c8"
    integrity sha1-VgiurfwAvmwpAd9fmGF4jeDVl8g=
  
  negotiator@0.6.1:
    version "0.6.1"
    resolved "https://registry.yarnpkg.com/negotiator/-/negotiator-0.6.1.tgz#2b327184e8992101177b28563fb5e7102acd0ca9"
    integrity sha1-KzJxhOiZIQEXeyhWP7XnECrNDKk=
  
  nocache@2.0.0:
    version "2.0.0"
    resolved "https://registry.yarnpkg.com/nocache/-/nocache-2.0.0.tgz#202b48021a0c4cbde2df80de15a17443c8b43980"
    integrity sha1-ICtIAhoMTL3i34DeFaF0Q8i0OYA=
  
  oauth@0.9.x:
    version "0.9.15"
    resolved "https://registry.yarnpkg.com/oauth/-/oauth-0.9.15.tgz#bd1fefaf686c96b75475aed5196412ff60cfb9c1"
    integrity sha1-vR/vr2hslrdUda7VGWQS/2DPucE=
  
  object-assign@^4.1.1:
    version "4.1.1"
    resolved "https://registry.yarnpkg.com/object-assign/-/object-assign-4.1.1.tgz#2109adc7965887cfc05cbbd442cac8bfbb360863"
    integrity sha1-IQmtx5ZYh8/AXLvUQsrIv7s2CGM=
  
  on-finished@~2.3.0:
    version "2.3.0"
    resolved "https://registry.yarnpkg.com/on-finished/-/on-finished-2.3.0.tgz#20f1336481b083cd75337992a16971aa2d906947"
    integrity sha1-IPEzZIGwg811M3mSoWlxqi2QaUc=
    dependencies:
      ee-first "1.1.1"
  
  on-headers@~1.0.1:
    version "1.0.1"
    resolved "https://registry.yarnpkg.com/on-headers/-/on-headers-1.0.1.tgz#928f5d0f470d49342651ea6794b0857c100693f7"
    integrity sha1-ko9dD0cNSTQmUepnlLCFfBAGk/c=
  
  optimist@^0.6.1:
    version "0.6.1"
    resolved "https://registry.yarnpkg.com/optimist/-/optimist-0.6.1.tgz#da3ea74686fa21a19a111c326e90eb15a0196686"
    integrity sha1-2j6nRob6IaGaERwybpDrFaAZZoY=
    dependencies:
      minimist "~0.0.1"
      wordwrap "~0.0.2"
  
  parseurl@~1.3.2:
    version "1.3.2"
    resolved "https://registry.yarnpkg.com/parseurl/-/parseurl-1.3.2.tgz#fc289d4ed8993119460c156253262cdc8de65bf3"
    integrity sha1-/CidTtiZMRlGDBViUyYs3I3mW/M=
  
  passport-facebook@^2.1.1:
    version "2.1.1"
    resolved "https://registry.yarnpkg.com/passport-facebook/-/passport-facebook-2.1.1.tgz#c39d0b52ae4d59163245a4e21a7b9b6321303311"
    integrity sha1-w50LUq5NWRYyRaTiGnubYyEwMxE=
    dependencies:
      passport-oauth2 "1.x.x"
  
  passport-google-oauth2@^0.1.6:
    version "0.1.6"
    resolved "https://registry.yarnpkg.com/passport-google-oauth2/-/passport-google-oauth2-0.1.6.tgz#dfd7016ac7449fe27cfeb252ae974afc23257a0d"
    integrity sha1-39cBasdEn+J8/rJSrpdK/CMleg0=
    dependencies:
      passport-oauth2 "^1.1.2"
  
  passport-local@^1.0.0:
    version "1.0.0"
    resolved "https://registry.yarnpkg.com/passport-local/-/passport-local-1.0.0.tgz#1fe63268c92e75606626437e3b906662c15ba6ee"
    integrity sha1-H+YyaMkudWBmJkN+O5BmYsFbpu4=
    dependencies:
      passport-strategy "1.x.x"
  
  passport-oauth1@1.x.x:
    version "1.1.0"
    resolved "https://registry.yarnpkg.com/passport-oauth1/-/passport-oauth1-1.1.0.tgz#a7de988a211f9cf4687377130ea74df32730c918"
    integrity sha1-p96YiiEfnPRoc3cTDqdN8ycwyRg=
    dependencies:
      oauth "0.9.x"
      passport-strategy "1.x.x"
      utils-merge "1.x.x"
  
  passport-oauth2@1.x.x, passport-oauth2@^1.1.2:
    version "1.4.0"
    resolved "https://registry.yarnpkg.com/passport-oauth2/-/passport-oauth2-1.4.0.tgz#f62f81583cbe12609be7ce6f160b9395a27b86ad"
    integrity sha1-9i+BWDy+EmCb585vFguTlaJ7hq0=
    dependencies:
      oauth "0.9.x"
      passport-strategy "1.x.x"
      uid2 "0.0.x"
      utils-merge "1.x.x"
  
  passport-strategy@1.x.x:
    version "1.0.0"
    resolved "https://registry.yarnpkg.com/passport-strategy/-/passport-strategy-1.0.0.tgz#b5539aa8fc225a3d1ad179476ddf236b440f52e4"
    integrity sha1-tVOaqPwiWj0a0XlHbd8ja0QPUuQ=
  
  passport-twitter@^1.0.4:
    version "1.0.4"
    resolved "https://registry.yarnpkg.com/passport-twitter/-/passport-twitter-1.0.4.tgz#01a799e1f760bf2de49f2ba5fba32282f18932d7"
    integrity sha1-AaeZ4fdgvy3knyul+6MigvGJMtc=
    dependencies:
      passport-oauth1 "1.x.x"
      xtraverse "0.1.x"
  
  passport@^0.4.0:
    version "0.4.0"
    resolved "https://registry.yarnpkg.com/passport/-/passport-0.4.0.tgz#c5095691347bd5ad3b5e180238c3914d16f05811"
    integrity sha1-xQlWkTR71a07XhgCOMORTRbwWBE=
    dependencies:
      passport-strategy "1.x.x"
      pause "0.0.1"
  
  path-to-regexp@0.1.7:
    version "0.1.7"
    resolved "https://registry.yarnpkg.com/path-to-regexp/-/path-to-regexp-0.1.7.tgz#df604178005f522f15eb4490e7247a1bfaa67f8c"
    integrity sha1-32BBeABfUi8V60SQ5yR6G/qmf4w=
  
  pause@0.0.1:
    version "0.0.1"
    resolved "https://registry.yarnpkg.com/pause/-/pause-0.0.1.tgz#1d408b3fdb76923b9543d96fb4c9dfd535d9cb5d"
    integrity sha1-HUCLP9t2kjuVQ9lvtMnf1TXZy10=
  
  platform@1.3.5:
    version "1.3.5"
    resolved "https://registry.yarnpkg.com/platform/-/platform-1.3.5.tgz#fb6958c696e07e2918d2eeda0f0bc9448d733444"
    integrity sha512-TuvHS8AOIZNAlE77WUDiR4rySV/VMptyMfcfeoMgs4P8apaZM3JrnbzBiixKUv+XR6i+BXrQh8WAnjaSPFO65Q==
  
  proxy-addr@~2.0.4:
    version "2.0.4"
    resolved "https://registry.yarnpkg.com/proxy-addr/-/proxy-addr-2.0.4.tgz#ecfc733bf22ff8c6f407fa275327b9ab67e48b93"
    integrity sha512-5erio2h9jp5CHGwcybmxmVqHmnCBZeewlfJ0pex+UW7Qny7OOZXTtH56TGNyBizkgiOwhJtMKrVzDTeKcySZwA==
    dependencies:
      forwarded "~0.1.2"
      ipaddr.js "1.8.0"
  
  qs@6.5.2:
    version "6.5.2"
    resolved "https://registry.yarnpkg.com/qs/-/qs-6.5.2.tgz#cb3ae806e8740444584ef154ce8ee98d403f3e36"
    integrity sha512-N5ZAX4/LxJmF+7wN74pUD6qAh9/wnvdQcjq9TZjevvXzSUo7bfmw91saqMjzGS2xq91/odN2dW/WOl7qQHNDGA==
  
  random-bytes@~1.0.0:
    version "1.0.0"
    resolved "https://registry.yarnpkg.com/random-bytes/-/random-bytes-1.0.0.tgz#4f68a1dc0ae58bd3fb95848c30324db75d64360b"
    integrity sha1-T2ih3Arli9P7lYSMMDJNt11kNgs=
  
  range-parser@~1.2.0:
    version "1.2.0"
    resolved "https://registry.yarnpkg.com/range-parser/-/range-parser-1.2.0.tgz#f49be6b487894ddc40dcc94a322f611092e00d5e"
    integrity sha1-9JvmtIeJTdxA3MlKMi9hEJLgDV4=
  
  raw-body@2.3.3:
    version "2.3.3"
    resolved "https://registry.yarnpkg.com/raw-body/-/raw-body-2.3.3.tgz#1b324ece6b5706e153855bc1148c65bb7f6ea0c3"
    integrity sha512-9esiElv1BrZoI3rCDuOuKCBRbuApGGaDPQfjSflGxdy4oyzqghxu6klEkkVIvBje+FF0BX9coEv8KqW6X/7njw==
    dependencies:
      bytes "3.0.0"
      http-errors "1.6.3"
      iconv-lite "0.4.23"
      unpipe "1.0.0"
  
  referrer-policy@1.1.0:
    version "1.1.0"
    resolved "https://registry.yarnpkg.com/referrer-policy/-/referrer-policy-1.1.0.tgz#35774eb735bf50fb6c078e83334b472350207d79"
    integrity sha1-NXdOtzW/UPtsB46DM0tHI1AgfXk=
  
  regexp-clone@0.0.1:
    version "0.0.1"
    resolved "https://registry.yarnpkg.com/regexp-clone/-/regexp-clone-0.0.1.tgz#a7c2e09891fdbf38fbb10d376fb73003e68ac589"
    integrity sha1-p8LgmJH9vzj7sQ03b7cwA+aKxYk=
  
  repeat-string@^1.5.2:
    version "1.6.1"
    resolved "https://registry.yarnpkg.com/repeat-string/-/repeat-string-1.6.1.tgz#8dcae470e1c88abc2d600fff4a776286da75e637"
    integrity sha1-jcrkcOHIirwtYA//Sndihtp15jc=
  
  require_optional@^1.0.1:
    version "1.0.1"
    resolved "https://registry.yarnpkg.com/require_optional/-/require_optional-1.0.1.tgz#4cf35a4247f64ca3df8c2ef208cc494b1ca8fc2e"
    integrity sha512-qhM/y57enGWHAe3v/NcwML6a3/vfESLe/sGM2dII+gEO0BpKRUkWZow/tyloNqJyN6kXSl3RyyM8Ll5D/sJP8g==
    dependencies:
      resolve-from "^2.0.0"
      semver "^5.1.0"
  
  resolve-from@^2.0.0:
    version "2.0.0"
    resolved "https://registry.yarnpkg.com/resolve-from/-/resolve-from-2.0.0.tgz#9480ab20e94ffa1d9e80a804c7ea147611966b57"
    integrity sha1-lICrIOlP+h2egKgEx+oUdhGWa1c=
  
  retry@^0.10.0:
    version "0.10.1"
    resolved "https://registry.yarnpkg.com/retry/-/retry-0.10.1.tgz#e76388d217992c252750241d3d3956fed98d8ff4"
    integrity sha1-52OI0heZLCUnUCQdPTlW/tmNj/Q=
  
  right-align@^0.1.1:
    version "0.1.3"
    resolved "https://registry.yarnpkg.com/right-align/-/right-align-0.1.3.tgz#61339b722fe6a3515689210d24e14c96148613ef"
    integrity sha1-YTObci/mo1FWiSENJOFMlhSGE+8=
    dependencies:
      align-text "^0.1.1"
  
  safe-buffer@5.1.2, safe-buffer@^5.1.2:
    version "5.1.2"
    resolved "https://registry.yarnpkg.com/safe-buffer/-/safe-buffer-5.1.2.tgz#991ec69d296e0313747d59bdfd2b745c35f8828d"
    integrity sha512-Gd2UZBJDkXlY7GbJxfsE8/nvKkUEU1G38c1siN6QP6a9PT9MmHB8GnpscSmMJSoF8LOIrt8ud/wPtojys4G6+g==
  
  "safer-buffer@>= 2.1.2 < 3":
    version "2.1.2"
    resolved "https://registry.yarnpkg.com/safer-buffer/-/safer-buffer-2.1.2.tgz#44fa161b0187b9549dd84bb91802f9bd8385cd6a"
    integrity sha512-YZo3K82SD7Riyi0E1EQPojLz7kpepnSQI9IyPbHHg1XXXevb5dJI7tpyN2ADxGcQbHG7vcyRHk0cbwqcQriUtg==
  
  saslprep@^1.0.0:
    version "1.0.2"
    resolved "https://registry.yarnpkg.com/saslprep/-/saslprep-1.0.2.tgz#da5ab936e6ea0bbae911ffec77534be370c9f52d"
    integrity sha512-4cDsYuAjXssUSjxHKRe4DTZC0agDwsCqcMqtJAQPzC74nJ7LfAJflAtC1Zed5hMzEQKj82d3tuzqdGNRsLJ4Gw==
    dependencies:
      sparse-bitfield "^3.0.3"
  
  semver@^5.1.0:
    version "5.6.0"
    resolved "https://registry.yarnpkg.com/semver/-/semver-5.6.0.tgz#7e74256fbaa49c75aa7c7a205cc22799cac80004"
    integrity sha512-RS9R6R35NYgQn++fkDWaOmqGoj4Ek9gGs+DPxNUZKuwE183xjJroKvyo1IzVFeXvUrvmALy6FWD5xrdJT25gMg==
  
  send@0.16.2:
    version "0.16.2"
    resolved "https://registry.yarnpkg.com/send/-/send-0.16.2.tgz#6ecca1e0f8c156d141597559848df64730a6bbc1"
    integrity sha512-E64YFPUssFHEFBvpbbjr44NCLtI1AohxQ8ZSiJjQLskAdKuriYEP6VyGEsRDH8ScozGpkaX1BGvhanqCwkcEZw==
    dependencies:
      debug "2.6.9"
      depd "~1.1.2"
      destroy "~1.0.4"
      encodeurl "~1.0.2"
      escape-html "~1.0.3"
      etag "~1.8.1"
      fresh "0.5.2"
      http-errors "~1.6.2"
      mime "1.4.1"
      ms "2.0.0"
      on-finished "~2.3.0"
      range-parser "~1.2.0"
      statuses "~1.4.0"
  
  serve-static@1.13.2:
    version "1.13.2"
    resolved "https://registry.yarnpkg.com/serve-static/-/serve-static-1.13.2.tgz#095e8472fd5b46237db50ce486a43f4b86c6cec1"
    integrity sha512-p/tdJrO4U387R9oMjb1oj7qSMaMfmOyd4j9hOFoxZe2baQszgHcSWjuya/CiT5kgZZKRudHNOA0pYXOl8rQ5nw==
    dependencies:
      encodeurl "~1.0.2"
      escape-html "~1.0.3"
      parseurl "~1.3.2"
      send "0.16.2"
  
  session-file-store@^1.2.0:
    version "1.2.0"
    resolved "https://registry.yarnpkg.com/session-file-store/-/session-file-store-1.2.0.tgz#35a994a7fb0cbf7f784067bf9059939c520b7c44"
    integrity sha512-DkYLYFkkK6u9xyraVHemulhlUuuufLukf7SQxOZSx8SPwkswcaIrls882PaQZ72zRKsyhUVNxOUl9w0lQubUFw==
    dependencies:
      bagpipe "^0.3.5"
      fs-extra "^4.0.0"
      object-assign "^4.1.1"
      retry "^0.10.0"
      write-file-atomic "1.3.1"
  
  setprototypeof@1.1.0:
    version "1.1.0"
    resolved "https://registry.yarnpkg.com/setprototypeof/-/setprototypeof-1.1.0.tgz#d0bd85536887b6fe7c0d818cb962d9d91c54e656"
    integrity sha512-BvE/TwpZX4FXExxOxZyRGQQv651MSwmWKZGqvmPcRIjDqWub67kTKuIMx43cZZrS/cBBzwBcNDWoFxt2XEFIpQ==
  
  sliced@1.0.1:
    version "1.0.1"
    resolved "https://registry.yarnpkg.com/sliced/-/sliced-1.0.1.tgz#0b3a662b5d04c3177b1926bea82b03f837a2ef41"
    integrity sha1-CzpmK10Ewxd7GSa+qCsD+Dei70E=
  
  slide@^1.1.5:
    version "1.1.6"
    resolved "https://registry.yarnpkg.com/slide/-/slide-1.1.6.tgz#56eb027d65b4d2dce6cb2e2d32c4d4afc9e1d707"
    integrity sha1-VusCfWW00tzmyy4tMsTUr8nh1wc=
  
  source-map@^0.4.4:
    version "0.4.4"
    resolved "https://registry.yarnpkg.com/source-map/-/source-map-0.4.4.tgz#eba4f5da9c0dc999de68032d8b4f76173652036b"
    integrity sha1-66T12pwNyZneaAMti092FzZSA2s=
    dependencies:
      amdefine ">=0.0.4"
  
  source-map@~0.5.1:
    version "0.5.7"
    resolved "https://registry.yarnpkg.com/source-map/-/source-map-0.5.7.tgz#8a039d2d1021d22d1ea14c80d8ea468ba2ef3fcc"
    integrity sha1-igOdLRAh0i0eoUyA2OpGi6LvP8w=
  
  sparse-bitfield@^3.0.3:
    version "3.0.3"
    resolved "https://registry.yarnpkg.com/sparse-bitfield/-/sparse-bitfield-3.0.3.tgz#ff4ae6e68656056ba4b3e792ab3334d38273ca11"
    integrity sha1-/0rm5oZWBWuks+eSqzM004JzyhE=
    dependencies:
      memory-pager "^1.0.2"
  
  "statuses@>= 1.4.0 < 2", "statuses@>= 1.5.0 < 2":
    version "1.5.0"
    resolved "https://registry.yarnpkg.com/statuses/-/statuses-1.5.0.tgz#161c7dac177659fd9811f43771fa99381478628c"
    integrity sha1-Fhx9rBd2Wf2YEfQ3cfqZOBR4Yow=
  
  statuses@~1.4.0:
    version "1.4.0"
    resolved "https://registry.yarnpkg.com/statuses/-/statuses-1.4.0.tgz#bb73d446da2796106efcc1b601a253d6c46bd087"
    integrity sha512-zhSCtt8v2NDrRlPQpCNtw/heZLtfUDqxBM1udqikb/Hbk52LK4nQSwr10u77iopCW5LsyHpuXS0GnEc48mLeew==
  
  toidentifier@1.0.0:
    version "1.0.0"
    resolved "https://registry.yarnpkg.com/toidentifier/-/toidentifier-1.0.0.tgz#7e1be3470f1e77948bc43d94a3c8f4d7752ba553"
    integrity sha512-yaOH/Pk/VEhBWWTlhI+qXxDFXlejDGcQipMlyxda9nthulaxLZUNcUqFxokp0vcYnvteJln5FNQDRrxj3YcbVw==
  
  type-is@~1.6.16:
    version "1.6.16"
    resolved "https://registry.yarnpkg.com/type-is/-/type-is-1.6.16.tgz#f89ce341541c672b25ee7ae3c73dee3b2be50194"
    integrity sha512-HRkVv/5qY2G6I8iab9cI7v1bOIdhm94dVjQCPFElW9W+3GeDOSHmy2EBYe4VTApuzolPcmgFTN3ftVJRKR2J9Q==
    dependencies:
      media-typer "0.3.0"
      mime-types "~2.1.18"
  
  uglify-js@^2.6:
    version "2.8.29"
    resolved "https://registry.yarnpkg.com/uglify-js/-/uglify-js-2.8.29.tgz#29c5733148057bb4e1f75df35b7a9cb72e6a59dd"
    integrity sha1-KcVzMUgFe7Th913zW3qcty5qWd0=
    dependencies:
      source-map "~0.5.1"
      yargs "~3.10.0"
    optionalDependencies:
      uglify-to-browserify "~1.0.0"
  
  uglify-to-browserify@~1.0.0:
    version "1.0.2"
    resolved "https://registry.yarnpkg.com/uglify-to-browserify/-/uglify-to-browserify-1.0.2.tgz#6e0924d6bda6b5afe349e39a6d632850a0f882b7"
    integrity sha1-bgkk1r2mta/jSeOabWMoUKD4grc=
  
  uid-safe@~2.1.5:
    version "2.1.5"
    resolved "https://registry.yarnpkg.com/uid-safe/-/uid-safe-2.1.5.tgz#2b3d5c7240e8fc2e58f8aa269e5ee49c0857bd3a"
    integrity sha512-KPHm4VL5dDXKz01UuEd88Df+KzynaohSL9fBh096KWAxSKZQDI2uBrVqtvRM4rwrIrRRKsdLNML/lnaaVSRioA==
    dependencies:
      random-bytes "~1.0.0"
  
  uid2@0.0.x:
    version "0.0.3"
    resolved "https://registry.yarnpkg.com/uid2/-/uid2-0.0.3.tgz#483126e11774df2f71b8b639dcd799c376162b82"
    integrity sha1-SDEm4Rd03y9xuLY53NeZw3YWK4I=
  
  universalify@^0.1.0:
    version "0.1.2"
    resolved "https://registry.yarnpkg.com/universalify/-/universalify-0.1.2.tgz#b646f69be3942dabcecc9d6639c80dc105efaa66"
    integrity sha512-rBJeI5CXAlmy1pV+617WB9J63U6XcazHHF2f2dbJix4XzpUF0RS3Zbj0FGIOCAva5P/d/GBOYaACQ1w+0azUkg==
  
  unpipe@1.0.0, unpipe@~1.0.0:
    version "1.0.0"
    resolved "https://registry.yarnpkg.com/unpipe/-/unpipe-1.0.0.tgz#b2bf4ee8514aae6165b4817829d21b2ef49904ec"
    integrity sha1-sr9O6FFKrmFltIF4KdIbLvSZBOw=
  
  utils-merge@1.0.1, utils-merge@1.x.x:
    version "1.0.1"
    resolved "https://registry.yarnpkg.com/utils-merge/-/utils-merge-1.0.1.tgz#9f95710f50a267947b2ccc124741c1028427e713"
    integrity sha1-n5VxD1CiZ5R7LMwSR0HBAoQn5xM=
  
  vary@~1.1.2:
    version "1.1.2"
    resolved "https://registry.yarnpkg.com/vary/-/vary-1.1.2.tgz#2299f02c6ded30d4a5961b0b9f74524a18f634fc"
    integrity sha1-IpnwLG3tMNSllhsLn3RSShj2NPw=
  
  walk@2.3.9:
    version "2.3.9"
    resolved "https://registry.yarnpkg.com/walk/-/walk-2.3.9.tgz#31b4db6678f2ae01c39ea9fb8725a9031e558a7b"
    integrity sha1-MbTbZnjyrgHDnqn7hyWpAx5Vins=
    dependencies:
      foreachasync "^3.0.0"
  
  window-size@0.1.0:
    version "0.1.0"
    resolved "https://registry.yarnpkg.com/window-size/-/window-size-0.1.0.tgz#5438cd2ea93b202efa3a19fe8887aee7c94f9c9d"
    integrity sha1-VDjNLqk7IC76Ohn+iIeu58lPnJ0=
  
  wordwrap@0.0.2:
    version "0.0.2"
    resolved "https://registry.yarnpkg.com/wordwrap/-/wordwrap-0.0.2.tgz#b79669bb42ecb409f83d583cad52ca17eaa1643f"
    integrity sha1-t5Zpu0LstAn4PVg8rVLKF+qhZD8=
  
  wordwrap@~0.0.2:
    version "0.0.3"
    resolved "https://registry.yarnpkg.com/wordwrap/-/wordwrap-0.0.3.tgz#a3d5da6cd5c0bc0008d37234bbaf1bed63059107"
    integrity sha1-o9XabNXAvAAI03I0u68b7WMFkQc=
  
  write-file-atomic@1.3.1:
    version "1.3.1"
    resolved "https://registry.yarnpkg.com/write-file-atomic/-/write-file-atomic-1.3.1.tgz#7d45ba32316328dd1ec7d90f60ebc0d845bb759a"
    integrity sha1-fUW6MjFjKN0ex9kPYOvA2EW7dZo=
    dependencies:
      graceful-fs "^4.1.11"
      imurmurhash "^0.1.4"
      slide "^1.1.5"
  
  x-xss-protection@1.1.0:
    version "1.1.0"
    resolved "https://registry.yarnpkg.com/x-xss-protection/-/x-xss-protection-1.1.0.tgz#4f1898c332deb1e7f2be1280efb3e2c53d69c1a7"
    integrity sha512-rx3GzJlgEeZ08MIcDsU2vY2B1QEriUKJTSiNHHUIem6eg9pzVOr2TL3Y4Pd6TMAM5D5azGjcxqI62piITBDHVg==
  
  xmldom@0.1.x:
    version "0.1.27"
    resolved "https://registry.yarnpkg.com/xmldom/-/xmldom-0.1.27.tgz#d501f97b3bdb403af8ef9ecc20573187aadac0e9"
    integrity sha1-1QH5ezvbQDr4757MIFcxh6rawOk=
  
  xtraverse@0.1.x:
    version "0.1.0"
    resolved "https://registry.yarnpkg.com/xtraverse/-/xtraverse-0.1.0.tgz#b741bad018ef78d8a9d2e83ade007b3f7959c732"
    integrity sha1-t0G60BjveNip0ug63gB7P3lZxzI=
    dependencies:
      xmldom "0.1.x"
  
  yargs@~3.10.0:
    version "3.10.0"
    resolved "https://registry.yarnpkg.com/yargs/-/yargs-3.10.0.tgz#f7ee7bd857dd7c1d2d38c0e74efbd681d1431fd1"
    integrity sha1-9+572FfdfB0tOMDnTvvWgdFDH9E=
    dependencies:
      camelcase "^1.0.2"
      cliui "^2.1.0"
      decamelize "^1.0.0"
      window-size "0.1.0"
